{"C:\\Users\\ikerr\\GitProyectos\\Clases\\tc2005b\\Laboratorios\\Periodo 2\\Lab Pruebas Unitarias\\src\\combate.js": {"path":"C:\\Users\\ikerr\\GitProyectos\\Clases\\tc2005b\\Laboratorios\\Periodo 2\\Lab Pruebas Unitarias\\src\\combate.js","statementMap":{"0":{"start":{"line":18,"column":2},"end":{"line":20,"column":3}},"1":{"start":{"line":19,"column":4},"end":{"line":19,"column":58}},"2":{"start":{"line":21,"column":2},"end":{"line":23,"column":3}},"3":{"start":{"line":22,"column":4},"end":{"line":22,"column":90}},"4":{"start":{"line":24,"column":20},"end":{"line":24,"column":54}},"5":{"start":{"line":25,"column":2},"end":{"line":25,"column":32}},"6":{"start":{"line":35,"column":16},"end":{"line":35,"column":49}},"7":{"start":{"line":36,"column":2},"end":{"line":36,"column":31}},"8":{"start":{"line":37,"column":2},"end":{"line":43,"column":4}},"9":{"start":{"line":54,"column":19},"end":{"line":54,"column":21}},"10":{"start":{"line":55,"column":14},"end":{"line":55,"column":15}},"11":{"start":{"line":56,"column":21},"end":{"line":56,"column":24}},"12":{"start":{"line":58,"column":2},"end":{"line":66,"column":3}},"13":{"start":{"line":60,"column":4},"end":{"line":60,"column":53}},"14":{"start":{"line":61,"column":4},"end":{"line":61,"column":35}},"15":{"start":{"line":61,"column":29},"end":{"line":61,"column":35}},"16":{"start":{"line":64,"column":4},"end":{"line":64,"column":53}},"17":{"start":{"line":65,"column":4},"end":{"line":65,"column":12}},"18":{"start":{"line":68,"column":18},"end":{"line":68,"column":74}},"19":{"start":{"line":71,"column":2},"end":{"line":73,"column":3}},"20":{"start":{"line":72,"column":4},"end":{"line":72,"column":51}},"21":{"start":{"line":75,"column":2},"end":{"line":80,"column":4}},"22":{"start":{"line":83,"column":0},"end":{"line":83,"column":67}}},"fnMap":{"0":{"name":"calcularDanio","decl":{"start":{"line":17,"column":9},"end":{"line":17,"column":22}},"loc":{"start":{"line":17,"column":43},"end":{"line":26,"column":1}},"line":17},"1":{"name":"ejecutarTurno","decl":{"start":{"line":34,"column":9},"end":{"line":34,"column":22}},"loc":{"start":{"line":34,"column":43},"end":{"line":44,"column":1}},"line":34},"2":{"name":"combateCompleto","decl":{"start":{"line":53,"column":9},"end":{"line":53,"column":24}},"loc":{"start":{"line":53,"column":45},"end":{"line":81,"column":1}},"line":53}},"branchMap":{"0":{"loc":{"start":{"line":18,"column":2},"end":{"line":20,"column":3}},"type":"if","locations":[{"start":{"line":18,"column":2},"end":{"line":20,"column":3}},{"start":{},"end":{}}],"line":18},"1":{"loc":{"start":{"line":18,"column":6},"end":{"line":18,"column":28}},"type":"binary-expr","locations":[{"start":{"line":18,"column":6},"end":{"line":18,"column":15}},{"start":{"line":18,"column":19},"end":{"line":18,"column":28}}],"line":18},"2":{"loc":{"start":{"line":21,"column":2},"end":{"line":23,"column":3}},"type":"if","locations":[{"start":{"line":21,"column":2},"end":{"line":23,"column":3}},{"start":{},"end":{}}],"line":21},"3":{"loc":{"start":{"line":21,"column":6},"end":{"line":21,"column":81}},"type":"binary-expr","locations":[{"start":{"line":21,"column":6},"end":{"line":21,"column":41}},{"start":{"line":21,"column":45},"end":{"line":21,"column":81}}],"line":21},"4":{"loc":{"start":{"line":58,"column":9},"end":{"line":58,"column":73}},"type":"binary-expr","locations":[{"start":{"line":58,"column":9},"end":{"line":58,"column":29}},{"start":{"line":58,"column":33},"end":{"line":58,"column":51}},{"start":{"line":58,"column":55},"end":{"line":58,"column":73}}],"line":58},"5":{"loc":{"start":{"line":61,"column":4},"end":{"line":61,"column":35}},"type":"if","locations":[{"start":{"line":61,"column":4},"end":{"line":61,"column":35}},{"start":{},"end":{}}],"line":61},"6":{"loc":{"start":{"line":68,"column":18},"end":{"line":68,"column":74}},"type":"cond-expr","locations":[{"start":{"line":68,"column":41},"end":{"line":68,"column":57}},{"start":{"line":68,"column":60},"end":{"line":68,"column":74}}],"line":68},"7":{"loc":{"start":{"line":71,"column":2},"end":{"line":73,"column":3}},"type":"if","locations":[{"start":{"line":71,"column":2},"end":{"line":73,"column":3}},{"start":{},"end":{}}],"line":71},"8":{"loc":{"start":{"line":71,"column":6},"end":{"line":71,"column":49}},"type":"binary-expr","locations":[{"start":{"line":71,"column":6},"end":{"line":71,"column":26}},{"start":{"line":71,"column":30},"end":{"line":71,"column":49}}],"line":71},"9":{"loc":{"start":{"line":79,"column":14},"end":{"line":79,"column":59}},"type":"cond-expr","locations":[{"start":{"line":79,"column":37},"end":{"line":79,"column":55}},{"start":{"line":79,"column":58},"end":{"line":79,"column":59}}],"line":79}},"s":{"0":6,"1":2,"2":4,"3":0,"4":4,"5":4,"6":0,"7":0,"8":0,"9":0,"10":0,"11":0,"12":0,"13":0,"14":0,"15":0,"16":0,"17":0,"18":0,"19":0,"20":0,"21":0,"22":1},"f":{"0":6,"1":0,"2":0},"b":{"0":[2,4],"1":[6,5],"2":[0,4],"3":[4,4],"4":[0,0,0],"5":[0,0],"6":[0,0],"7":[0,0],"8":[0,0],"9":[0,0]},"_coverageSchema":"1a1c01bbd47fc00a2c39e90264f33305004495a9","hash":"82387229217c4dcf26c56e372017ef1979f0f2bb"}
,"C:\\Users\\ikerr\\GitProyectos\\Clases\\tc2005b\\Laboratorios\\Periodo 2\\Lab Pruebas Unitarias\\src\\nivel.js": {"path":"C:\\Users\\ikerr\\GitProyectos\\Clases\\tc2005b\\Laboratorios\\Periodo 2\\Lab Pruebas Unitarias\\src\\nivel.js","statementMap":{"0":{"start":{"line":10,"column":21},"end":{"line":10,"column":23}},"1":{"start":{"line":18,"column":2},"end":{"line":20,"column":3}},"2":{"start":{"line":19,"column":4},"end":{"line":19,"column":58}},"3":{"start":{"line":21,"column":2},"end":{"line":23,"column":3}},"4":{"start":{"line":22,"column":4},"end":{"line":22,"column":44}},"5":{"start":{"line":24,"column":2},"end":{"line":26,"column":3}},"6":{"start":{"line":25,"column":4},"end":{"line":25,"column":58}},"7":{"start":{"line":28,"column":14},"end":{"line":28,"column":15}},"8":{"start":{"line":29,"column":2},"end":{"line":31,"column":3}},"9":{"start":{"line":29,"column":15},"end":{"line":29,"column":16}},"10":{"start":{"line":30,"column":4},"end":{"line":30,"column":21}},"11":{"start":{"line":32,"column":2},"end":{"line":32,"column":15}},"12":{"start":{"line":52,"column":2},"end":{"line":54,"column":3}},"13":{"start":{"line":53,"column":4},"end":{"line":53,"column":56}},"14":{"start":{"line":55,"column":2},"end":{"line":57,"column":3}},"15":{"start":{"line":56,"column":4},"end":{"line":56,"column":56}},"16":{"start":{"line":59,"column":21},"end":{"line":59,"column":50}},"17":{"start":{"line":62,"column":2},"end":{"line":72,"column":3}},"18":{"start":{"line":63,"column":4},"end":{"line":63,"column":24}},"19":{"start":{"line":64,"column":9},"end":{"line":72,"column":3}},"20":{"start":{"line":65,"column":4},"end":{"line":65,"column":25}},"21":{"start":{"line":66,"column":9},"end":{"line":72,"column":3}},"22":{"start":{"line":67,"column":4},"end":{"line":67,"column":24}},"23":{"start":{"line":68,"column":9},"end":{"line":72,"column":3}},"24":{"start":{"line":69,"column":4},"end":{"line":69,"column":24}},"25":{"start":{"line":71,"column":4},"end":{"line":71,"column":24}},"26":{"start":{"line":74,"column":2},"end":{"line":74,"column":44}},"27":{"start":{"line":77,"column":0},"end":{"line":77,"column":76}}},"fnMap":{"0":{"name":"experienciaParaNivel","decl":{"start":{"line":17,"column":9},"end":{"line":17,"column":29}},"loc":{"start":{"line":17,"column":37},"end":{"line":33,"column":1}},"line":17},"1":{"name":"calcularRecompensa","decl":{"start":{"line":51,"column":9},"end":{"line":51,"column":27}},"loc":{"start":{"line":51,"column":66},"end":{"line":75,"column":1}},"line":51}},"branchMap":{"0":{"loc":{"start":{"line":18,"column":2},"end":{"line":20,"column":3}},"type":"if","locations":[{"start":{"line":18,"column":2},"end":{"line":20,"column":3}},{"start":{},"end":{}}],"line":18},"1":{"loc":{"start":{"line":21,"column":2},"end":{"line":23,"column":3}},"type":"if","locations":[{"start":{"line":21,"column":2},"end":{"line":23,"column":3}},{"start":{},"end":{}}],"line":21},"2":{"loc":{"start":{"line":24,"column":2},"end":{"line":26,"column":3}},"type":"if","locations":[{"start":{"line":24,"column":2},"end":{"line":26,"column":3}},{"start":{},"end":{}}],"line":24},"3":{"loc":{"start":{"line":52,"column":2},"end":{"line":54,"column":3}},"type":"if","locations":[{"start":{"line":52,"column":2},"end":{"line":54,"column":3}},{"start":{},"end":{}}],"line":52},"4":{"loc":{"start":{"line":55,"column":2},"end":{"line":57,"column":3}},"type":"if","locations":[{"start":{"line":55,"column":2},"end":{"line":57,"column":3}},{"start":{},"end":{}}],"line":55},"5":{"loc":{"start":{"line":55,"column":6},"end":{"line":55,"column":44}},"type":"binary-expr","locations":[{"start":{"line":55,"column":6},"end":{"line":55,"column":22}},{"start":{"line":55,"column":26},"end":{"line":55,"column":44}}],"line":55},"6":{"loc":{"start":{"line":62,"column":2},"end":{"line":72,"column":3}},"type":"if","locations":[{"start":{"line":62,"column":2},"end":{"line":72,"column":3}},{"start":{"line":64,"column":9},"end":{"line":72,"column":3}}],"line":62},"7":{"loc":{"start":{"line":64,"column":9},"end":{"line":72,"column":3}},"type":"if","locations":[{"start":{"line":64,"column":9},"end":{"line":72,"column":3}},{"start":{"line":66,"column":9},"end":{"line":72,"column":3}}],"line":64},"8":{"loc":{"start":{"line":66,"column":9},"end":{"line":72,"column":3}},"type":"if","locations":[{"start":{"line":66,"column":9},"end":{"line":72,"column":3}},{"start":{"line":68,"column":9},"end":{"line":72,"column":3}}],"line":66},"9":{"loc":{"start":{"line":68,"column":9},"end":{"line":72,"column":3}},"type":"if","locations":[{"start":{"line":68,"column":9},"end":{"line":72,"column":3}},{"start":{"line":70,"column":9},"end":{"line":72,"column":3}}],"line":68}},"s":{"0":1,"1":0,"2":0,"3":0,"4":0,"5":0,"6":0,"7":0,"8":0,"9":0,"10":0,"11":0,"12":5,"13":0,"14":5,"15":0,"16":5,"17":5,"18":1,"19":4,"20":1,"21":3,"22":1,"23":2,"24":1,"25":1,"26":5,"27":1},"f":{"0":0,"1":5},"b":{"0":[0,0],"1":[0,0],"2":[0,0],"3":[0,5],"4":[0,5],"5":[5,5],"6":[1,4],"7":[1,3],"8":[1,2],"9":[1,1]},"_coverageSchema":"1a1c01bbd47fc00a2c39e90264f33305004495a9","hash":"46e286001c7a356e9decf058d4438b3d1899954a"}
,"C:\\Users\\ikerr\\GitProyectos\\Clases\\tc2005b\\Laboratorios\\Periodo 2\\Lab Pruebas Unitarias\\src\\personaje.js": {"path":"C:\\Users\\ikerr\\GitProyectos\\Clases\\tc2005b\\Laboratorios\\Periodo 2\\Lab Pruebas Unitarias\\src\\personaje.js","statementMap":{"0":{"start":{"line":12,"column":4},"end":{"line":14,"column":5}},"1":{"start":{"line":13,"column":6},"end":{"line":13,"column":83}},"2":{"start":{"line":15,"column":4},"end":{"line":17,"column":5}},"3":{"start":{"line":16,"column":6},"end":{"line":16,"column":59}},"4":{"start":{"line":18,"column":4},"end":{"line":20,"column":5}},"5":{"start":{"line":19,"column":6},"end":{"line":19,"column":66}},"6":{"start":{"line":22,"column":4},"end":{"line":22,"column":25}},"7":{"start":{"line":23,"column":4},"end":{"line":23,"column":33}},"8":{"start":{"line":24,"column":4},"end":{"line":24,"column":33}},"9":{"start":{"line":25,"column":4},"end":{"line":25,"column":25}},"10":{"start":{"line":26,"column":4},"end":{"line":26,"column":27}},"11":{"start":{"line":27,"column":4},"end":{"line":27,"column":19}},"12":{"start":{"line":28,"column":4},"end":{"line":28,"column":25}},"13":{"start":{"line":38,"column":4},"end":{"line":40,"column":5}},"14":{"start":{"line":39,"column":6},"end":{"line":39,"column":55}},"15":{"start":{"line":41,"column":4},"end":{"line":41,"column":59}},"16":{"start":{"line":42,"column":4},"end":{"line":42,"column":27}},"17":{"start":{"line":51,"column":4},"end":{"line":53,"column":5}},"18":{"start":{"line":52,"column":6},"end":{"line":52,"column":71}},"19":{"start":{"line":54,"column":4},"end":{"line":54,"column":76}},"20":{"start":{"line":55,"column":4},"end":{"line":55,"column":27}},"21":{"start":{"line":63,"column":4},"end":{"line":63,"column":31}},"22":{"start":{"line":72,"column":4},"end":{"line":72,"column":28}},"23":{"start":{"line":80,"column":4},"end":{"line":82,"column":5}},"24":{"start":{"line":81,"column":6},"end":{"line":81,"column":62}},"25":{"start":{"line":83,"column":4},"end":{"line":83,"column":27}},"26":{"start":{"line":84,"column":4},"end":{"line":87,"column":5}},"27":{"start":{"line":85,"column":6},"end":{"line":85,"column":63}},"28":{"start":{"line":86,"column":6},"end":{"line":86,"column":24}},"29":{"start":{"line":98,"column":4},"end":{"line":98,"column":17}},"30":{"start":{"line":99,"column":4},"end":{"line":99,"column":26}},"31":{"start":{"line":100,"column":4},"end":{"line":100,"column":38}},"32":{"start":{"line":101,"column":4},"end":{"line":101,"column":21}},"33":{"start":{"line":102,"column":4},"end":{"line":102,"column":22}},"34":{"start":{"line":106,"column":0},"end":{"line":106,"column":27}}},"fnMap":{"0":{"name":"(anonymous_0)","decl":{"start":{"line":11,"column":2},"end":{"line":11,"column":3}},"loc":{"start":{"line":11,"column":51},"end":{"line":29,"column":3}},"line":11},"1":{"name":"(anonymous_1)","decl":{"start":{"line":37,"column":2},"end":{"line":37,"column":3}},"loc":{"start":{"line":37,"column":22},"end":{"line":43,"column":3}},"line":37},"2":{"name":"(anonymous_2)","decl":{"start":{"line":50,"column":2},"end":{"line":50,"column":3}},"loc":{"start":{"line":50,"column":18},"end":{"line":56,"column":3}},"line":50},"3":{"name":"(anonymous_3)","decl":{"start":{"line":62,"column":2},"end":{"line":62,"column":3}},"loc":{"start":{"line":62,"column":13},"end":{"line":64,"column":3}},"line":62},"4":{"name":"(anonymous_4)","decl":{"start":{"line":71,"column":2},"end":{"line":71,"column":3}},"loc":{"start":{"line":71,"column":34},"end":{"line":73,"column":3}},"line":71},"5":{"name":"(anonymous_5)","decl":{"start":{"line":79,"column":2},"end":{"line":79,"column":3}},"loc":{"start":{"line":79,"column":23},"end":{"line":88,"column":3}},"line":79},"6":{"name":"(anonymous_6)","decl":{"start":{"line":97,"column":2},"end":{"line":97,"column":3}},"loc":{"start":{"line":97,"column":15},"end":{"line":103,"column":3}},"line":97}},"branchMap":{"0":{"loc":{"start":{"line":12,"column":4},"end":{"line":14,"column":5}},"type":"if","locations":[{"start":{"line":12,"column":4},"end":{"line":14,"column":5}},{"start":{},"end":{}}],"line":12},"1":{"loc":{"start":{"line":12,"column":8},"end":{"line":12,"column":45}},"type":"binary-expr","locations":[{"start":{"line":12,"column":8},"end":{"line":12,"column":15}},{"start":{"line":12,"column":19},"end":{"line":12,"column":45}}],"line":12},"2":{"loc":{"start":{"line":15,"column":4},"end":{"line":17,"column":5}},"type":"if","locations":[{"start":{"line":15,"column":4},"end":{"line":17,"column":5}},{"start":{},"end":{}}],"line":15},"3":{"loc":{"start":{"line":18,"column":4},"end":{"line":20,"column":5}},"type":"if","locations":[{"start":{"line":18,"column":4},"end":{"line":20,"column":5}},{"start":{},"end":{}}],"line":18},"4":{"loc":{"start":{"line":18,"column":8},"end":{"line":18,"column":33}},"type":"binary-expr","locations":[{"start":{"line":18,"column":8},"end":{"line":18,"column":18}},{"start":{"line":18,"column":22},"end":{"line":18,"column":33}}],"line":18},"5":{"loc":{"start":{"line":38,"column":4},"end":{"line":40,"column":5}},"type":"if","locations":[{"start":{"line":38,"column":4},"end":{"line":40,"column":5}},{"start":{},"end":{}}],"line":38},"6":{"loc":{"start":{"line":51,"column":4},"end":{"line":53,"column":5}},"type":"if","locations":[{"start":{"line":51,"column":4},"end":{"line":53,"column":5}},{"start":{},"end":{}}],"line":51},"7":{"loc":{"start":{"line":80,"column":4},"end":{"line":82,"column":5}},"type":"if","locations":[{"start":{"line":80,"column":4},"end":{"line":82,"column":5}},{"start":{},"end":{}}],"line":80}},"s":{"0":11,"1":0,"2":11,"3":0,"4":11,"5":0,"6":11,"7":11,"8":11,"9":11,"10":11,"11":11,"12":11,"13":8,"14":1,"15":7,"16":7,"17":2,"18":0,"19":2,"20":2,"21":2,"22":3,"23":1,"24":0,"25":1,"26":1,"27":1,"28":1,"29":2,"30":2,"31":2,"32":2,"33":2,"34":2},"f":{"0":11,"1":8,"2":2,"3":2,"4":3,"5":1,"6":2},"b":{"0":[0,11],"1":[11,11],"2":[0,11],"3":[0,11],"4":[11,11],"5":[1,7],"6":[0,2],"7":[0,1]},"_coverageSchema":"1a1c01bbd47fc00a2c39e90264f33305004495a9","hash":"eb89771bc55078fbbf06aecefbea4756540c7271"}
}
