TN:
SF:src\combate.js
FN:17,calcularDanio
FN:34,ejecutarTurno
FN:53,combateCompleto
FNF:3
FNH:1
FNDA:6,calcularDanio
FNDA:0,ejecutarTurno
FNDA:0,combateCompleto
DA:18,6
DA:19,2
DA:21,4
DA:22,0
DA:24,4
DA:25,4
DA:35,0
DA:36,0
DA:37,0
DA:54,0
DA:55,0
DA:56,0
DA:58,0
DA:60,0
DA:61,0
DA:64,0
DA:65,0
DA:68,0
DA:71,0
DA:72,0
DA:75,0
DA:83,1
LF:22
LH:6
BRDA:18,0,0,2
BRDA:18,0,1,4
BRDA:18,1,0,6
BRDA:18,1,1,5
BRDA:21,2,0,0
BRDA:21,2,1,4
BRDA:21,3,0,4
BRDA:21,3,1,4
BRDA:58,4,0,0
BRDA:58,4,1,0
BRDA:58,4,2,0
BRDA:61,5,0,0
BRDA:61,5,1,0
BRDA:68,6,0,0
BRDA:68,6,1,0
BRDA:71,7,0,0
BRDA:71,7,1,0
BRDA:71,8,0,0
BRDA:71,8,1,0
BRDA:79,9,0,0
BRDA:79,9,1,0
BRF:21
BRH:7
end_of_record
TN:
SF:src\nivel.js
FN:17,experienciaParaNivel
FN:51,calcularRecompensa
FNF:2
FNH:1
FNDA:0,experienciaParaNivel
FNDA:5,calcularRecompensa
DA:10,1
DA:18,0
DA:19,0
DA:21,0
DA:22,0
DA:24,0
DA:25,0
DA:28,0
DA:29,0
DA:30,0
DA:32,0
DA:52,5
DA:53,0
DA:55,5
DA:56,0
DA:59,5
DA:62,5
DA:63,1
DA:64,4
DA:65,1
DA:66,3
DA:67,1
DA:68,2
DA:69,1
DA:71,1
DA:74,5
DA:77,1
LF:27
LH:15
BRDA:18,0,0,0
BRDA:18,0,1,0
BRDA:21,1,0,0
BRDA:21,1,1,0
BRDA:24,2,0,0
BRDA:24,2,1,0
BRDA:52,3,0,0
BRDA:52,3,1,5
BRDA:55,4,0,0
BRDA:55,4,1,5
BRDA:55,5,0,5
BRDA:55,5,1,5
BRDA:62,6,0,1
BRDA:62,6,1,4
BRDA:64,7,0,1
BRDA:64,7,1,3
BRDA:66,8,0,1
BRDA:66,8,1,2
BRDA:68,9,0,1
BRDA:68,9,1,1
BRF:20
BRH:12
end_of_record
TN:
SF:src\personaje.js
FN:11,(anonymous_0)
FN:37,(anonymous_1)
FN:50,(anonymous_2)
FN:62,(anonymous_3)
FN:71,(anonymous_4)
FN:79,(anonymous_5)
FN:97,(anonymous_6)
FNF:7
FNH:7
FNDA:11,(anonymous_0)
FNDA:8,(anonymous_1)
FNDA:2,(anonymous_2)
FNDA:2,(anonymous_3)
FNDA:3,(anonymous_4)
FNDA:1,(anonymous_5)
FNDA:2,(anonymous_6)
DA:12,11
DA:13,0
DA:15,11
DA:16,0
DA:18,11
DA:19,0
DA:22,11
DA:23,11
DA:24,11
DA:25,11
DA:26,11
DA:27,11
DA:28,11
DA:38,8
DA:39,1
DA:41,7
DA:42,7
DA:51,2
DA:52,0
DA:54,2
DA:55,2
DA:63,2
DA:72,3
DA:80,1
DA:81,0
DA:83,1
DA:84,1
DA:85,1
DA:86,1
DA:98,2
DA:99,2
DA:100,2
DA:101,2
DA:102,2
DA:106,2
LF:35
LH:30
BRDA:12,0,0,0
BRDA:12,0,1,11
BRDA:12,1,0,11
BRDA:12,1,1,11
BRDA:15,2,0,0
BRDA:15,2,1,11
BRDA:18,3,0,0
BRDA:18,3,1,11
BRDA:18,4,0,11
BRDA:18,4,1,11
BRDA:38,5,0,1
BRDA:38,5,1,7
BRDA:51,6,0,0
BRDA:51,6,1,2
BRDA:80,7,0,0
BRDA:80,7,1,1
BRF:16
BRH:11
end_of_record
